[16:51:17][INFO][net.dark_roleplay.core_modules.maarg.api.materials.Material:214] Sun Nov 24 16:51:17 MSK 2024
[16:51:17][INFO][net.dark_roleplay.core_modules.maarg.DRPCMMaARG:71] Material: oak
|- Type: wood
|- Items: 3
|   |- 1xtile.leaves@0
|   |- 1xtile.log@0
|   |- 1xtile.wood@0

[16:51:17][INFO][net.dark_roleplay.core_modules.maarg.DRPCMMaARG:71] Material: jungle
|- Type: wood
|- Items: 3
|   |- 1xtile.leaves@3
|   |- 1xtile.log@3
|   |- 1xtile.wood@3

[16:51:17][INFO][net.dark_roleplay.core_modules.maarg.DRPCMMaARG:71] Material: birch
|- Type: wood
|- Items: 3
|   |- 1xtile.leaves@2
|   |- 1xtile.log@2
|   |- 1xtile.wood@2

[16:51:17][INFO][net.dark_roleplay.core_modules.maarg.DRPCMMaARG:71] Material: dark_oak
|- Type: wood
|- Items: 3
|   |- 1xtile.leaves@1
|   |- 1xtile.log@1
|   |- 1xtile.wood@5

[16:51:17][INFO][net.dark_roleplay.core_modules.maarg.DRPCMMaARG:71] Material: spruce
|- Type: wood
|- Items: 3
|   |- 1xtile.leaves@1
|   |- 1xtile.log@1
|   |- 1xtile.wood@1

[16:51:17][INFO][net.dark_roleplay.core_modules.maarg.DRPCMMaARG:71] Material: acacia
|- Type: wood
|- Items: 3
|   |- 1xtile.leaves@0
|   |- 1xtile.log@0
|   |- 1xtile.wood@4

