[16:31:26] [WARN] Crucible entry for Саженец дуба with meta 0 already exists, skipping.
[16:31:26] [WARN] Crucible entry for Еловый саженец with meta 1 already exists, skipping.
[16:31:26] [WARN] Crucible entry for Саженец берёзы with meta 2 already exists, skipping.
[16:31:26] [WARN] Crucible entry for Саженец тропического дерева with meta 3 already exists, skipping.
[16:31:26] [WARN] Crucible entry for Саженец акации with meta 4 already exists, skipping.
[16:31:26] [WARN] Crucible entry for Саженец тёмного дуба with meta 5 already exists, skipping.
[16:33:51] [INFO] ModConfig Loaded: true
[16:33:51] [INFO] JEI: Compost Recipe Pages Loaded:         2
[16:33:51] [INFO] JEI: Fluid Item Transform Recipes Loaded:       24
[16:33:51] [INFO] JEI: Fluid On Top Recipes Loaded:       2
[16:33:51] [INFO] JEI: Fluid Transform Recipes Loaded:    1
[16:33:51] [INFO] JEI: Hammer Recipes Loaded:             42
[16:33:51] [INFO] JEI: Crook Recipes Loaded:              1
[16:33:52] [INFO] JEI: Heat Sources Loaded:             44
[16:33:52] [INFO] JEI: Sieve Recipes Loaded:              56
[16:33:52] [INFO] JEI: Stone Crucible Recipes Loaded:       1
[16:33:52] [INFO] JEI: Wood Crucible Recipes Loaded:        1
[16:38:08] [INFO] ModConfig Loaded: true
[16:38:08] [INFO] JEI: Compost Recipe Pages Loaded:         2
[16:38:08] [INFO] JEI: Fluid Item Transform Recipes Loaded:       24
[16:38:08] [INFO] JEI: Fluid On Top Recipes Loaded:       2
[16:38:08] [INFO] JEI: Fluid Transform Recipes Loaded:    1
[16:38:08] [INFO] JEI: Hammer Recipes Loaded:             42
[16:38:08] [INFO] JEI: Crook Recipes Loaded:              1
[16:38:08] [INFO] JEI: Heat Sources Loaded:             44
[16:38:08] [INFO] JEI: Sieve Recipes Loaded:              56
[16:38:08] [INFO] JEI: Stone Crucible Recipes Loaded:       1
[16:38:08] [INFO] JEI: Wood Crucible Recipes Loaded:        1
